<?xml version="1.0" encoding="UTF-8"?>
<testng-results ignored="0" total="1" passed="1" failed="0" skipped="0">
  <reporter-output>
  </reporter-output>
  <suite started-at="2022-03-16T12:43:55 IST" name="Default suite" finished-at="2022-03-16T12:43:55 IST" duration-ms="81">
    <groups>
    </groups>
    <test started-at="2022-03-16T12:43:55 IST" name="Default test" finished-at="2022-03-16T12:43:55 IST" duration-ms="81">
      <class name="org.test.Sample">
        <test-method signature="print()[pri:0, instance:org.test.Sample@45b9a632]" started-at="2022-03-16T12:43:55 IST" name="print" finished-at="2022-03-16T12:43:55 IST" duration-ms="15" status="PASS">
          <reporter-output>
          </reporter-output>
        </test-method> <!-- print -->
      </class> <!-- org.test.Sample -->
    </test> <!-- Default test -->
  </suite> <!-- Default suite -->
</testng-results>
